<?xml version="1.0" encoding="UTF-8"?>
<testng-results total="1" passed="1" failed="0" skipped="0">
  <reporter-output>
  </reporter-output>
  <suite started-at="2018-04-08T13:28:44Z" name="Suite" finished-at="2018-04-08T13:29:32Z" duration-ms="47808">
    <groups>
    </groups>
    <test started-at="2018-04-08T13:28:44Z" name="Test" finished-at="2018-04-08T13:29:32Z" duration-ms="47808">
      <class name="de.ptest.testci">
        <test-method signature="pureThoughts()[pri:0, instance:de.ptest.testci@1757cd72]" started-at="2018-04-08T13:28:44Z" name="pureThoughts" finished-at="2018-04-08T13:29:32Z" duration-ms="47794" status="PASS">
        </test-method> <!-- pureThoughts -->
      </class> <!-- de.ptest.testci -->
    </test> <!-- Test -->
  </suite> <!-- Suite -->
</testng-results>
